488  [INFO ] 2019-05-07 18:20:42 [restartedMain] c.f.blog.BlogApplication - Starting BlogApplication on DESKTOP-87CTP83 with PID 3752 (C:\Users\rb\IdeaProjects\blog\target\classes started by rb in C:\Users\rb\IdeaProjects\blog)
490  [INFO ] 2019-05-07 18:20:42 [restartedMain] c.f.blog.BlogApplication - No active profile set, falling back to default profiles: default
516  [INFO ] 2019-05-07 18:20:42 [restartedMain] o.s.b.d.e.DevToolsPropertyDefaultsPostProcessor - Devtools property defaults active! Set 'spring.devtools.add-properties' to 'false' to disable
516  [INFO ] 2019-05-07 18:20:42 [restartedMain] o.s.b.d.e.DevToolsPropertyDefaultsPostProcessor - For additional web related logging consider setting the 'logging.level.web' property to 'DEBUG'
959  [DEBUG] 2019-05-07 18:20:43 [restartedMain] org.apache.ibatis.logging.LogFactory - Logging initialized using 'class org.apache.ibatis.logging.slf4j.Slf4jImpl' adapter.
966  [WARN ] 2019-05-07 18:20:43 [restartedMain] o.m.s.mapper.ClassPathMapperScanner - No MyBatis mapper was found in '[com.firstcooperation.blog]' package. Please check your configuration.
969  [DEBUG] 2019-05-07 18:20:43 [restartedMain] o.m.s.b.a.MybatisAutoConfiguration - Searching for mappers annotated with @Mapper
970  [DEBUG] 2019-05-07 18:20:43 [restartedMain] o.m.s.b.a.MybatisAutoConfiguration - Using auto-configuration base package 'com.firstcooperation.blog'
971  [WARN ] 2019-05-07 18:20:43 [restartedMain] o.m.s.mapper.ClassPathMapperScanner - No MyBatis mapper was found in '[com.firstcooperation.blog]' package. Please check your configuration.
994  [INFO ] 2019-05-07 18:20:43 [restartedMain] o.s.d.r.c.RepositoryConfigurationDelegate - Multiple Spring Data modules found, entering strict repository configuration mode!
995  [INFO ] 2019-05-07 18:20:43 [restartedMain] o.s.d.r.c.RepositoryConfigurationDelegate - Bootstrapping Spring Data repositories in DEFAULT mode.
1007 [INFO ] 2019-05-07 18:20:43 [restartedMain] o.s.d.r.c.RepositoryConfigurationDelegate - Finished Spring Data repository scanning in 5ms. Found 0 repository interfaces.
1223 [INFO ] 2019-05-07 18:20:43 [restartedMain] o.s.c.s.PostProcessorRegistrationDelegate$BeanPostProcessorChecker - Bean 'org.springframework.ws.config.annotation.DelegatingWsConfiguration' of type [org.springframework.ws.config.annotation.DelegatingWsConfiguration$$EnhancerBySpringCGLIB$$b98df986] is not eligible for getting processed by all BeanPostProcessors (for example: not eligible for auto-proxying)
1246 [INFO ] 2019-05-07 18:20:43 [restartedMain] o.s.w.s.a.s.AnnotationActionEndpointMapping - Supporting [WS-Addressing August 2004, WS-Addressing 1.0]
1256 [INFO ] 2019-05-07 18:20:43 [restartedMain] o.s.c.s.PostProcessorRegistrationDelegate$BeanPostProcessorChecker - Bean 'org.springframework.transaction.annotation.ProxyTransactionManagementConfiguration' of type [org.springframework.transaction.annotation.ProxyTransactionManagementConfiguration$$EnhancerBySpringCGLIB$$14f63487] is not eligible for getting processed by all BeanPostProcessors (for example: not eligible for auto-proxying)
1532 [INFO ] 2019-05-07 18:20:43 [restartedMain] o.s.b.w.e.tomcat.TomcatWebServer - Tomcat initialized with port(s): 8080 (http)
1541 [INFO ] 2019-05-07 18:20:43 [restartedMain] o.a.coyote.http11.Http11NioProtocol - Initializing ProtocolHandler ["http-nio-8080"]
1546 [INFO ] 2019-05-07 18:20:43 [restartedMain] o.a.catalina.core.StandardService - Starting service [Tomcat]
1546 [INFO ] 2019-05-07 18:20:43 [restartedMain] o.a.catalina.core.StandardEngine - Starting Servlet engine: [Apache Tomcat/9.0.17]
1632 [INFO ] 2019-05-07 18:20:43 [restartedMain] o.a.c.c.C.[Tomcat].[localhost].[/] - Initializing Spring embedded WebApplicationContext
1632 [INFO ] 2019-05-07 18:20:43 [restartedMain] o.s.web.context.ContextLoader - Root WebApplicationContext: initialization completed in 1115 ms
1813 [INFO ] 2019-05-07 18:20:44 [restartedMain] o.s.s.c.ThreadPoolTaskExecutor - Initializing ExecutorService 'applicationTaskExecutor'
1875 [INFO ] 2019-05-07 18:20:44 [restartedMain] o.s.b.a.w.s.WelcomePageHandlerMapping - Adding welcome page: class path resource [static/index.html]
1904 [INFO ] 2019-05-07 18:20:44 [restartedMain] c.a.d.s.b.a.DruidDataSourceAutoConfigure - Init DruidDataSource
1973 [INFO ] 2019-05-07 18:20:44 [restartedMain] c.alibaba.druid.pool.DruidDataSource - {dataSource-1} inited
2038 [DEBUG] 2019-05-07 18:20:44 [restartedMain] org.apache.ibatis.io.VFS - Using VFS adapter com.baomidou.mybatisplus.spring.boot.starter.SpringBootVFS
2038 [DEBUG] 2019-05-07 18:20:44 [restartedMain] o.m.spring.SqlSessionFactoryBean - Scanned package: 'com.oyzj.blog.entity' for aliases
2579 [DEBUG] 2019-05-07 18:20:44 [restartedMain] o.m.spring.SqlSessionFactoryBean - Property 'mapperLocations' was not specified or no matching resources found
2581 [DEBUG] 2019-05-07 18:20:44 [restartedMain] o.m.s.b.a.MybatisAutoConfiguration - No org.mybatis.spring.mapper.MapperFactoryBean found.
2968 [INFO ] 2019-05-07 18:20:45 [restartedMain] o.s.b.d.a.OptionalLiveReloadServer - LiveReload server is running on port 35729
2992 [INFO ] 2019-05-07 18:20:45 [restartedMain] o.a.coyote.http11.Http11NioProtocol - Starting ProtocolHandler ["http-nio-8080"]
3003 [INFO ] 2019-05-07 18:20:45 [restartedMain] o.s.b.w.e.tomcat.TomcatWebServer - Tomcat started on port(s): 8080 (http) with context path ''
3005 [INFO ] 2019-05-07 18:20:45 [restartedMain] c.f.blog.BlogApplication - Started BlogApplication in 2.848 seconds (JVM running for 3.385)
